<?xml version="1.0" encoding="UTF-8"?>
<testsuite name="org.example.MoimTest" tests="3" skipped="0" failures="0" errors="0" timestamp="2023-04-05T09:12:46" hostname="minhwiui-MacBookPro.local" time="0.012">
  <properties/>
  <testcase name="isFull()" classname="org.example.MoimTest" time="0.011"/>
  <testcase name="isNotFull()" classname="org.example.MoimTest" time="0.001"/>
  <testcase name="isEmpty()" classname="org.example.MoimTest" time="0.0"/>
  <system-out><![CDATA[]]></system-out>
  <system-err><![CDATA[]]></system-err>
</testsuite>
